p/491_.png 1 0 0 180 120
p/490_.png 1 0 0 180 120
p/489_.png 1 0 0 180 120
p/488_.png 1 0 0 180 120
p/487_.png 1 0 0 180 120
p/486_.png 1 0 0 180 120
p/485_.png 1 0 0 180 120
p/484_.png 1 0 0 180 120
p/483_.png 1 0 0 180 120
p/482_.png 1 0 0 180 120
p/481_.png 1 0 0 180 120
p/480_.png 1 0 0 180 120
p/479_.png 1 0 0 180 120
p/478_.png 1 0 0 180 120
p/477_.png 1 0 0 180 120
p/476_.png 1 0 0 180 120
p/475_.png 1 0 0 180 120
p/474_.png 1 0 0 180 120
p/473_.png 1 0 0 180 120
p/472_.png 1 0 0 180 120
p/471_.png 1 0 0 180 120
p/470_.png 1 0 0 180 120
p/469_.png 1 0 0 180 120
p/468_.png 1 0 0 180 120
p/467_.png 1 0 0 180 120
p/466_.png 1 0 0 180 120
p/465_.png 1 0 0 180 120
p/464_.png 1 0 0 180 120
p/463_.png 1 0 0 180 120
p/462_.png 1 0 0 180 120
p/461_.png 1 0 0 180 120
p/460_.png 1 0 0 180 120
p/459_.png 1 0 0 180 120
p/458_.png 1 0 0 180 120
p/457_.png 1 0 0 180 120
p/456_.png 1 0 0 180 120
p/455_.png 1 0 0 180 120
p/454_.png 1 0 0 180 120
p/453_.png 1 0 0 180 120
p/452_.png 1 0 0 180 120
p/451_.png 1 0 0 180 120
p/450_.png 1 0 0 180 120
p/449_.png 1 0 0 180 120
p/448_.png 1 0 0 180 120
p/447_.png 1 0 0 180 120
p/446_.png 1 0 0 180 120
p/445_.png 1 0 0 180 120
p/444_.png 1 0 0 180 120
p/443_.png 1 0 0 180 120
p/442_.png 1 0 0 180 120
p/441_.png 1 0 0 180 120
p/440_.png 1 0 0 180 120
p/439_.png 1 0 0 180 120
p/438_.png 1 0 0 180 120
p/437_.png 1 0 0 180 120
p/436_.png 1 0 0 180 120
p/435_.png 1 0 0 180 120
p/434_.png 1 0 0 180 120
p/433_.png 1 0 0 180 120
p/432_.png 1 0 0 180 120
p/431_.png 1 0 0 180 120
p/430_.png 1 0 0 180 120
p/429_.png 1 0 0 180 120
p/428_.png 1 0 0 180 120
p/427_.png 1 0 0 180 120
p/426_.png 1 0 0 180 120
p/425_.png 1 0 0 180 120
p/424_.png 1 0 0 180 120
p/423_.png 1 0 0 180 120
p/422_.png 1 0 0 180 120
p/421_.png 1 0 0 180 120
p/420_.png 1 0 0 180 120
p/419_.png 1 0 0 180 120
p/418_.png 1 0 0 180 120
p/417_.png 1 0 0 180 120
p/416_.png 1 0 0 180 120
p/415_.png 1 0 0 180 120
p/414_.png 1 0 0 180 120
p/413_.png 1 0 0 180 120
p/412_.png 1 0 0 180 120
p/411_.png 1 0 0 180 120
p/410_.png 1 0 0 180 120
p/409_.png 1 0 0 180 120
p/408_.png 1 0 0 180 120
p/407_.png 1 0 0 180 120
p/406_.png 1 0 0 180 120
p/405_.png 1 0 0 180 120
p/404_.png 1 0 0 180 120
p/403_.png 1 0 0 180 120
p/402_.png 1 0 0 180 120
p/401_.png 1 0 0 180 120
p/400_.png 1 0 0 180 120
p/399_.png 1 0 0 180 120
p/398_.png 1 0 0 180 120
p/397_.png 1 0 0 180 120
p/396_.png 1 0 0 180 120
p/395_.png 1 0 0 180 120
p/394_.png 1 0 0 180 120
p/393_.png 1 0 0 180 120
p/392_.png 1 0 0 180 120
p/391_.png 1 0 0 180 120
p/390_.png 1 0 0 180 120
p/389_.png 1 0 0 180 120
p/388_.png 1 0 0 180 120
p/387_.png 1 0 0 180 120
p/386_.png 1 0 0 180 120
p/385_.png 1 0 0 180 120
p/384_.png 1 0 0 180 120
p/383_.png 1 0 0 180 120
p/382_.png 1 0 0 180 120
p/381_.png 1 0 0 180 120
p/380_.png 1 0 0 180 120
p/379_.png 1 0 0 180 120
p/378_.png 1 0 0 180 120
p/377_.png 1 0 0 180 120
p/376_.png 1 0 0 180 120
p/375_.png 1 0 0 180 120
p/374_.png 1 0 0 180 120
p/373_.png 1 0 0 180 120
p/372_.png 1 0 0 180 120
p/371_.png 1 0 0 180 120
p/370_.png 1 0 0 180 120
p/369_.png 1 0 0 180 120
p/368_.png 1 0 0 180 120
p/367_.png 1 0 0 180 120
p/366_.png 1 0 0 180 120
p/365_.png 1 0 0 180 120
p/364_.png 1 0 0 180 120
p/363_.png 1 0 0 180 120
p/362_.png 1 0 0 180 120
p/361_.png 1 0 0 180 120
p/360_.png 1 0 0 180 120
p/359_.png 1 0 0 180 120
p/358_.png 1 0 0 180 120
p/357_.png 1 0 0 180 120
p/356_.png 1 0 0 180 120
p/355_.png 1 0 0 180 120
p/354_.png 1 0 0 180 120
p/353_.png 1 0 0 180 120
p/352_.png 1 0 0 180 120
p/351_.png 1 0 0 180 120
p/350_.png 1 0 0 180 120
p/349_.png 1 0 0 180 120
p/348_.png 1 0 0 180 120
p/347_.png 1 0 0 180 120
p/346_.png 1 0 0 180 120
p/345_.png 1 0 0 180 120
p/344_.png 1 0 0 180 120
p/343_.png 1 0 0 180 120
p/342_.png 1 0 0 180 120
p/341_.png 1 0 0 180 120
p/340_.png 1 0 0 180 120
p/339_.png 1 0 0 180 120
p/338_.png 1 0 0 180 120
p/337_.png 1 0 0 180 120
p/336_.png 1 0 0 180 120
p/335_.png 1 0 0 180 120
p/334_.png 1 0 0 180 120
p/333_.png 1 0 0 180 120
p/332_.png 1 0 0 180 120
p/331_.png 1 0 0 180 120
p/330_.png 1 0 0 180 120
p/329_.png 1 0 0 180 120
p/328_.png 1 0 0 180 120
p/327_.png 1 0 0 180 120
p/326_.png 1 0 0 180 120
p/325_.png 1 0 0 180 120
p/324_.png 1 0 0 180 120
p/323_.png 1 0 0 180 120
p/322_.png 1 0 0 180 120
p/321_.png 1 0 0 180 120
p/320_.png 1 0 0 180 120
p/319_.png 1 0 0 180 120
p/318_.png 1 0 0 180 120
p/317_.png 1 0 0 180 120
p/316_.png 1 0 0 180 120
p/315_.png 1 0 0 180 120
p/314_.png 1 0 0 180 120
p/313_.png 1 0 0 180 120
p/312_.png 1 0 0 180 120
p/311_.png 1 0 0 180 120
p/310_.png 1 0 0 180 120
p/309_.png 1 0 0 180 120
p/308_.png 1 0 0 180 120
p/307_.png 1 0 0 180 120
p/306_.png 1 0 0 180 120
p/305_.png 1 0 0 180 120
p/304_.png 1 0 0 180 120
p/303_.png 1 0 0 180 120
p/302_.png 1 0 0 180 120
p/301_.png 1 0 0 180 120
p/300_.png 1 0 0 180 120
p/299_.png 1 0 0 180 120
p/298_.png 1 0 0 180 120
p/297_.png 1 0 0 180 120
p/296_.png 1 0 0 180 120
p/295_.png 1 0 0 180 120
p/294_.png 1 0 0 180 120
p/293_.png 1 0 0 180 120
p/292_.png 1 0 0 180 120
p/291_.png 1 0 0 180 120
p/290_.png 1 0 0 180 120
p/289_.png 1 0 0 180 120
p/288_.png 1 0 0 180 120
p/287_.png 1 0 0 180 120
p/286_.png 1 0 0 180 120
p/285_.png 1 0 0 180 120
p/284_.png 1 0 0 180 120
p/283_.png 1 0 0 180 120
p/282_.png 1 0 0 180 120
p/281_.png 1 0 0 180 120
p/280_.png 1 0 0 180 120
p/279_.png 1 0 0 180 120
p/278_.png 1 0 0 180 120
p/277_.png 1 0 0 180 120
p/276_.png 1 0 0 180 120
p/275_.png 1 0 0 180 120
p/274_.png 1 0 0 180 120
p/273_.png 1 0 0 180 120
p/272_.png 1 0 0 180 120
p/271_.png 1 0 0 180 120
p/270_.png 1 0 0 180 120
p/269_.png 1 0 0 180 120
p/268_.png 1 0 0 180 120
p/267_.png 1 0 0 180 120
p/266_.png 1 0 0 180 120
p/265_.png 1 0 0 180 120
p/264_.png 1 0 0 180 120
p/263_.png 1 0 0 180 120
p/262_.png 1 0 0 180 120
p/261_.png 1 0 0 180 120
p/260_.png 1 0 0 180 120
p/259_.png 1 0 0 180 120
p/258_.png 1 0 0 180 120
p/257_.png 1 0 0 180 120
p/256_.png 1 0 0 180 120
p/255_.png 1 0 0 180 120
p/254_.png 1 0 0 180 120
p/253_.png 1 0 0 180 120
p/252_.png 1 0 0 180 120
p/251_.png 1 0 0 180 120
p/250_.png 1 0 0 180 120
p/249_.png 1 0 0 180 120
p/248_.png 1 0 0 180 120
p/247_.png 1 0 0 180 120
p/246_.png 1 0 0 180 120
p/245_.png 1 0 0 180 120
p/244_.png 1 0 0 180 120
p/243_.png 1 0 0 180 120
p/242_.png 1 0 0 180 120
p/241_.png 1 0 0 180 120
p/240_.png 1 0 0 180 120
p/239_.png 1 0 0 180 120
p/238_.png 1 0 0 180 120
p/237_.png 1 0 0 180 120
p/236_.png 1 0 0 180 120
p/235_.png 1 0 0 180 120
p/234_.png 1 0 0 180 120
p/233_.png 1 0 0 180 120
p/232_.png 1 0 0 180 120
p/231_.png 1 0 0 180 120
p/230_.png 1 0 0 180 120
p/229_.png 1 0 0 180 120
p/228_.png 1 0 0 180 120
p/227_.png 1 0 0 180 120
p/226_.png 1 0 0 180 120
p/225_.png 1 0 0 180 120
p/224_.png 1 0 0 180 120
p/223_.png 1 0 0 180 120
p/222_.png 1 0 0 180 120
p/221_.png 1 0 0 180 120
p/220_.png 1 0 0 180 120
p/219_.png 1 0 0 180 120
p/218_.png 1 0 0 180 120
p/217_.png 1 0 0 180 120
p/216_.png 1 0 0 180 120
p/215_.png 1 0 0 180 120
p/214_.png 1 0 0 180 120
p/213_.png 1 0 0 180 120
p/212_.png 1 0 0 180 120
p/211_.png 1 0 0 180 120
p/210_.png 1 0 0 180 120
p/209_.png 1 0 0 180 120
p/208_.png 1 0 0 180 120
p/207_.png 1 0 0 180 120
p/206_.png 1 0 0 180 120
p/205_.png 1 0 0 180 120
p/204_.png 1 0 0 180 120
p/203_.png 1 0 0 180 120
p/202_.png 1 0 0 180 120
p/201_.png 1 0 0 180 120
p/200_.png 1 0 0 180 120
p/199_.png 1 0 0 180 120
p/198_.png 1 0 0 180 120
p/197_.png 1 0 0 180 120
p/196_.png 1 0 0 180 120
p/195_.png 1 0 0 180 120
p/194_.png 1 0 0 180 120
p/193_.png 1 0 0 180 120
p/192_.png 1 0 0 180 120
p/191_.png 1 0 0 180 120
p/190_.png 1 0 0 180 120
p/189_.png 1 0 0 180 120
p/188_.png 1 0 0 180 120
p/187_.png 1 0 0 180 120
p/186_.png 1 0 0 180 120
p/185_.png 1 0 0 180 120
p/184_.png 1 0 0 180 120
p/183_.png 1 0 0 180 120
p/182_.png 1 0 0 180 120
p/181_.png 1 0 0 180 120
p/180_.png 1 0 0 180 120
p/179_.png 1 0 0 180 120
p/178_.png 1 0 0 180 120
p/177_.png 1 0 0 180 120
p/176_.png 1 0 0 180 120
p/175_.png 1 0 0 180 120
p/174_.png 1 0 0 180 120
p/173_.png 1 0 0 180 120
p/172_.png 1 0 0 180 120
p/171_.png 1 0 0 180 120
p/170_.png 1 0 0 180 120
p/169_.png 1 0 0 180 120
p/168_.png 1 0 0 180 120
p/167_.png 1 0 0 180 120
p/166_.png 1 0 0 180 120
p/165_.png 1 0 0 180 120
p/164_.png 1 0 0 180 120
p/163_.png 1 0 0 180 120
p/162_.png 1 0 0 180 120
p/161_.png 1 0 0 180 120
p/160_.png 1 0 0 180 120
p/159_.png 1 0 0 180 120
p/158_.png 1 0 0 180 120
p/157_.png 1 0 0 180 120
p/156_.png 1 0 0 180 120
p/155_.png 1 0 0 180 120
p/154_.png 1 0 0 180 120
p/153_.png 1 0 0 180 120
p/152_.png 1 0 0 180 120
p/151_.png 1 0 0 180 120
p/150_.png 1 0 0 180 120
p/149_.png 1 0 0 180 120
p/148_.png 1 0 0 180 120
p/147_.png 1 0 0 180 120
p/146_.png 1 0 0 180 120
p/145_.png 1 0 0 180 120
p/144_.png 1 0 0 180 120
p/143_.png 1 0 0 180 120
p/142_.png 1 0 0 180 120
p/141_.png 1 0 0 180 120
p/140_.png 1 0 0 180 120
p/139_.png 1 0 0 180 120
p/138_.png 1 0 0 180 120
p/137_.png 1 0 0 180 120
p/136_.png 1 0 0 180 120
p/135_.png 1 0 0 180 120
p/134_.png 1 0 0 180 120
p/133_.png 1 0 0 180 120
p/132_.png 1 0 0 180 120
p/131_.png 1 0 0 180 120
p/130_.png 1 0 0 180 120
p/129_.png 1 0 0 180 120
p/128_.png 1 0 0 180 120
p/127_.png 1 0 0 180 120
p/126_.png 1 0 0 180 120
p/125_.png 1 0 0 180 120
p/124_.png 1 0 0 180 120
p/123_.png 1 0 0 180 120
p/122_.png 1 0 0 180 120
p/121_.png 1 0 0 180 120
p/120_.png 1 0 0 180 120
p/119_.png 1 0 0 180 120
p/118_.png 1 0 0 180 120
p/117_.png 1 0 0 180 120
p/116_.png 1 0 0 180 120
p/115_.png 1 0 0 180 120
p/114_.png 1 0 0 180 120
p/113_.png 1 0 0 180 120
p/112_.png 1 0 0 180 120
p/111_.png 1 0 0 180 120
p/110_.png 1 0 0 180 120
p/109_.png 1 0 0 180 120
p/108_.png 1 0 0 180 120
p/107_.png 1 0 0 180 120
p/106_.png 1 0 0 180 120
p/105_.png 1 0 0 180 120
p/104_.png 1 0 0 180 120
p/103_.png 1 0 0 180 120
p/102_.png 1 0 0 180 120
p/101_.png 1 0 0 180 120
p/100_.png 1 0 0 180 120
p/99_.png 1 0 0 180 120
p/98_.png 1 0 0 180 120
p/97_.png 1 0 0 180 120
p/96_.png 1 0 0 180 120
p/95_.png 1 0 0 180 120
p/94_.png 1 0 0 180 120
p/93_.png 1 0 0 180 120
p/92_.png 1 0 0 180 120
p/91_.png 1 0 0 180 120
p/90_.png 1 0 0 180 120
p/89_.png 1 0 0 180 120
p/88_.png 1 0 0 180 120
p/87_.png 1 0 0 180 120
p/86_.png 1 0 0 180 120
p/85_.png 1 0 0 180 120
p/84_.png 1 0 0 180 120
p/83_.png 1 0 0 180 120
p/82_.png 1 0 0 180 120
p/81_.png 1 0 0 180 120
p/80_.png 1 0 0 180 120
p/79_.png 1 0 0 180 120
p/78_.png 1 0 0 180 120
p/77_.png 1 0 0 180 120
p/76_.png 1 0 0 180 120
p/75_.png 1 0 0 180 120
p/74_.png 1 0 0 180 120
p/73_.png 1 0 0 180 120
p/72_.png 1 0 0 180 120
p/71_.png 1 0 0 180 120
p/70_.png 1 0 0 180 120
p/69_.png 1 0 0 180 120
p/68_.png 1 0 0 180 120
p/67_.png 1 0 0 180 120
p/66_.png 1 0 0 180 120
p/65_.png 1 0 0 180 120
p/64_.png 1 0 0 180 120
p/63_.png 1 0 0 180 120
p/62_.png 1 0 0 180 120
p/61_.png 1 0 0 180 120
p/60_.png 1 0 0 180 120
p/59_.png 1 0 0 180 120
p/58_.png 1 0 0 180 120
p/57_.png 1 0 0 180 120
p/56_.png 1 0 0 180 120
p/55_.png 1 0 0 180 120
p/54_.png 1 0 0 180 120
p/53_.png 1 0 0 180 120
p/52_.png 1 0 0 180 120
p/51_.png 1 0 0 180 120
p/50_.png 1 0 0 180 120
p/49_.png 1 0 0 180 120
p/48_.png 1 0 0 180 120
p/47_.png 1 0 0 180 120
p/46_.png 1 0 0 180 120
p/45_.png 1 0 0 180 120
p/44_.png 1 0 0 180 120
p/43_.png 1 0 0 180 120
p/42_.png 1 0 0 180 120
p/41_.png 1 0 0 180 120
p/40_.png 1 0 0 180 120
p/39_.png 1 0 0 180 120
p/38_.png 1 0 0 180 120
p/37_.png 1 0 0 180 120
p/36_.png 1 0 0 180 120
p/35_.png 1 0 0 180 120
p/34_.png 1 0 0 180 120
p/33_.png 1 0 0 180 120
p/32_.png 1 0 0 180 120
p/31_.png 1 0 0 180 120
p/30_.png 1 0 0 180 120
p/29_.png 1 0 0 180 120
p/28_.png 1 0 0 180 120
p/27_.png 1 0 0 180 120
p/26_.png 1 0 0 180 120
p/25_.png 1 0 0 180 120
p/24_.png 1 0 0 180 120
p/23_.png 1 0 0 180 120
p/22_.png 1 0 0 180 120
p/21_.png 1 0 0 180 120
p/20_.png 1 0 0 180 120
p/19_.png 1 0 0 180 120
p/18_.png 1 0 0 180 120
p/17_.png 1 0 0 180 120
p/16_.png 1 0 0 180 120
p/15_.png 1 0 0 180 120
p/14_.png 1 0 0 180 120
p/13_.png 1 0 0 180 120
p/12_.png 1 0 0 180 120
p/11_.png 1 0 0 180 120
p/10_.png 1 0 0 180 120
p/9_.png 1 0 0 180 120
p/8_.png 1 0 0 180 120
p/7_.png 1 0 0 180 120
p/6_.png 1 0 0 180 120
p/5_.png 1 0 0 180 120
p/4_.png 1 0 0 180 120
p/3_.png 1 0 0 180 120
p/2_.png 1 0 0 180 120
p/1_.png 1 0 0 180 120